[1;36m==> [1/2] rustup :: Install[0m
  — skip rustup (already present)
[1;36m==> [2/2] env-ctl :: Install[0m
       Compiling proc-macro2 v1.0.106
       Compiling quote v1.0.45
       Compiling unicode-ident v1.0.24
       Compiling libc v0.2.186
       Compiling serde_core v1.0.228
       Compiling serde v1.0.228
       Compiling cfg-if v1.0.4
       Compiling version_check v0.9.5
       Compiling itoa v1.0.18
       Compiling pin-project-lite v0.2.17
       Compiling memchr v2.8.1
       Compiling futures-core v0.3.32
       Compiling anyhow v1.0.102
       Compiling futures-sink v0.3.32
       Compiling either v1.16.0
       Compiling once_cell v1.21.4
       Compiling log v0.4.30
       Compiling slab v0.4.12
       Compiling shlex v2.0.1
       Compiling find-msvc-tools v0.1.9
       Compiling autocfg v1.5.1
       Compiling futures-io v0.3.32
       Compiling futures-task v0.3.32
       Compiling hashbrown v0.17.1
       Compiling equivalent v1.0.2
       Compiling typenum v1.20.1
       Compiling thiserror v1.0.69
       Compiling subtle v2.6.1
       Compiling fnv v1.0.7
       Compiling stable_deref_trait v1.2.1
       Compiling tower-service v0.3.3
       Compiling regex-syntax v0.8.10
       Compiling smallvec v1.15.1
       Compiling httparse v1.10.1
       Compiling percent-encoding v2.3.2
       Compiling zerocopy v0.8.50
       Compiling try-lock v0.2.5
       Compiling tower-layer v0.3.3
       Compiling base64 v0.22.1
       Compiling httpdate v1.0.3
       Compiling bytes v1.11.1
       Compiling lazy_static v1.5.0
       Compiling powerfmt v0.2.0
       Compiling num-conv v0.2.2
       Compiling time-core v0.1.8
       Compiling beef v0.5.2
       Compiling rustix v1.1.4
       Compiling futures-channel v0.3.32
       Compiling bitflags v2.11.1
       Compiling cc v1.2.63
       Compiling tracing-core v0.1.36
       Compiling itertools v0.14.0
       Compiling deranged v0.5.8
       Compiling generic-array v0.14.7
       Compiling uncased v0.9.10
       Compiling want v0.3.1
       Compiling writeable v0.6.3
       Compiling untrusted v0.9.0
       Compiling litemap v0.8.2
       Compiling num-traits v0.2.19
       Compiling time-macros v0.2.27
       Compiling atomic-waker v1.1.2
       Compiling getrandom v0.4.2
       Compiling indexmap v1.9.3
       Compiling sync_wrapper v1.0.2
       Compiling utf8_iter v1.0.4
       Compiling minimal-lexical v0.2.1
       Compiling siphasher v1.0.3
       Compiling icu_normalizer_data v2.2.0
       Compiling icu_properties_data v2.2.0
       Compiling unicode-width v0.1.14
       Compiling linux-raw-sys v0.12.1
       Compiling prettyplease v0.2.37
       Compiling rand_core v0.6.4
       Compiling heck v0.5.0
       Compiling fixedbitset v0.5.7
       Compiling rustversion v1.0.22
       Compiling cpufeatures v0.2.17
       Compiling fastrand v2.4.1
       Compiling zmij v1.0.21
       Compiling hashbrown v0.12.3
       Compiling ipnet v2.12.0
       Compiling rustls v0.23.40
       Compiling rand v0.8.6
       Compiling nom v7.1.3
       Compiling multimap v0.10.1
       Compiling serde_json v1.0.150
       Compiling itertools v0.12.1
       Compiling indexmap v2.14.0
       Compiling oid-registry v0.7.1
       Compiling utf8parse v0.2.2
       Compiling mime v0.3.17
       Compiling form_urlencoded v1.2.2
       Compiling toml_write v0.1.2
       Compiling matchit v0.7.3
       Compiling base64ct v1.8.3
       Compiling phf_shared v0.11.3
       Compiling anstyle-parse v1.0.0
       Compiling anstyle v1.0.14
       Compiling syn v2.0.117
       Compiling thiserror v2.0.18
       Compiling winnow v0.7.15
       Compiling rustix v0.38.44
       Compiling is_terminal_polyfill v1.70.2
       Compiling anstyle-query v1.1.5
       Compiling opaque-debug v0.3.1
       Compiling colorchoice v1.0.5
       Compiling pem v3.0.6
       Compiling iana-time-zone v0.1.65
       Compiling fallible-iterator v0.3.0
       Compiling constant_time_eq v0.4.2
       Compiling data-encoding v2.11.0
       Compiling phf_generator v0.11.3
       Compiling anstream v1.0.0
       Compiling phf v0.11.3
       Compiling clap_lex v1.1.0
       Compiling arrayref v0.3.9
       Compiling arrayvec v0.7.6
       Compiling strsim v0.11.1
       Compiling cpufeatures v0.3.0
       Compiling env_home v0.1.0
       Compiling base64 v0.21.7
       Compiling linux-raw-sys v0.4.15
       Compiling sharded-slab v0.1.7
       Compiling tracing-log v0.2.0
       Compiling thread_local v1.1.9
       Compiling block-buffer v0.10.4
       Compiling inout v0.1.4
       Compiling time v0.3.47
       Compiling phf_codegen v0.11.3
       Compiling nu-ansi-term v0.50.3
       Compiling ryu v1.0.23
       Compiling getrandom v0.2.17
       Compiling errno v0.3.14
       Compiling socket2 v0.6.4
       Compiling mio v1.2.1
       Compiling ring v0.17.14
       Compiling socket2 v0.5.10
       Compiling num-integer v0.1.46
       Compiling blake3 v1.8.5
       Compiling libsql-sqlite3-parser v0.13.0
       Compiling clap_builder v4.6.0
       Compiling chrono v0.4.44
       Compiling signal-hook-registry v1.4.8
       Compiling petgraph v0.7.1
       Compiling num-bigint v0.4.6
       Compiling regex-automata v0.4.14
       Compiling crypto-common v0.1.7
       Compiling password-hash v0.5.0
       Compiling digest v0.10.7
       Compiling universal-hash v0.5.1
       Compiling aead v0.5.2
       Compiling poly1305 v0.8.0
       Compiling blake2 v0.10.6
       Compiling hmac v0.12.1
       Compiling sha2 v0.10.9
       Compiling hkdf v0.12.4
       Compiling tempfile v3.27.0
       Compiling rusticata-macros v4.1.0
       Compiling which v7.0.3
       Compiling yasna v0.5.2
       Compiling regex v1.12.3
       Compiling ppv-lite86 v0.2.21
       Compiling matchers v0.2.0
       Compiling synstructure v0.13.2
       Compiling logos-codegen v0.14.4
       Compiling rand_chacha v0.3.1
       Compiling serde_derive v1.0.228
       Compiling tokio-macros v2.7.0
       Compiling futures-macro v0.3.32
       Compiling displaydoc v0.2.6
       Compiling zeroize_derive v1.4.3
       Compiling tracing-attributes v0.1.31
       Compiling zerofrom-derive v0.1.7
       Compiling yoke-derive v0.8.2
       Compiling thiserror-impl v1.0.69
       Compiling prost-derive v0.13.5
       Compiling zerovec-derive v0.11.3
       Compiling async-trait v0.1.89
       Compiling miette-derive v7.6.0
       Compiling pin-project-internal v1.1.13
       Compiling asn1-rs-derive v0.5.1
       Compiling asn1-rs-impl v0.2.0
       Compiling async-stream-impl v0.3.6
       Compiling prost-derive v0.12.6
       Compiling thiserror-impl v2.0.18
       Compiling clap_derive v4.6.1
       Compiling zeroize v1.8.2
       Compiling async-stream v0.3.6
       Compiling rustls-pki-types v1.14.1
       Compiling cipher v0.4.4
       Compiling argon2 v0.5.3
       Compiling futures-util v0.3.32
       Compiling logos-derive v0.14.4
       Compiling chacha20 v0.9.1
       Compiling zerofrom v0.1.8
       Compiling logos v0.14.4
       Compiling pin-project v1.1.13
       Compiling tracing v0.1.44
       Compiling yoke v0.8.2
       Compiling webpki-roots v1.0.7
       Compiling rustls-pemfile v2.2.0
       Compiling asn1-rs v0.6.2
       Compiling chacha20poly1305 v0.10.1
       Compiling miette v7.6.0
       Compiling webpki-roots v0.26.11
       Compiling zerovec v0.11.6
       Compiling zerotrie v0.2.4
       Compiling tracing-subscriber v0.3.23
       Compiling prost v0.13.5
       Compiling clap v4.6.1
       Compiling prost-types v0.13.5
       Compiling tinystr v0.8.3
       Compiling potential_utf v0.1.5
       Compiling icu_collections v2.2.0
       Compiling icu_locale_core v2.2.0
       Compiling der-parser v9.0.0
       Compiling prost-build v0.13.5
       Compiling protox-parse v0.7.0
       Compiling prost-reflect v0.14.7
       Compiling x509-parser v0.16.0
       Compiling icu_provider v2.2.0
       Compiling toml_datetime v0.6.11
       Compiling serde_spanned v0.6.9
       Compiling serde_urlencoded v0.7.1
       Compiling tonic-build v0.12.3
       Compiling toml_edit v0.22.27
       Compiling icu_normalizer v2.2.0
       Compiling icu_properties v2.2.0
       Compiling rustls-webpki v0.103.13
       Compiling rcgen v0.13.2
       Compiling tokio v1.52.3
       Compiling http v1.4.1
       Compiling http v0.2.12
       Compiling prost v0.12.6
       Compiling futures-executor v0.3.32
       Compiling futures v0.3.32
       Compiling libsql-hrana v0.9.30
       Compiling idna_adapter v1.2.2
       Compiling idna v1.1.0
       Compiling http-body v0.4.6
       Compiling http-body v1.0.1
       Compiling http-body-util v0.1.3
       Compiling protox v0.7.2
       Compiling url v2.5.8
       Compiling axum-core v0.4.5
       Compiling envctl-secrets-proto v0.1.0 (/home/drdave/Desktop/meta/.worktrees/env-install-loop/envctl/crates/secrets-proto)
       Compiling toml v0.8.23
       Compiling envctl-secrets-engine v0.1.0 (/home/drdave/Desktop/meta/.worktrees/env-install-loop/envctl/crates/secrets-engine)
       Compiling tokio-util v0.7.18
       Compiling tower v0.5.3
       Compiling tokio-stream v0.1.18
       Compiling tokio-rustls v0.26.4
       Compiling axum v0.7.9
       Compiling tower-http v0.6.11
       Compiling h2 v0.4.14
       Compiling tower v0.4.13
       Compiling h2 v0.3.27
       Compiling hyper v0.14.32
       Compiling hyper v1.10.1
       Compiling hyper-util v0.1.20
       Compiling libsql v0.9.30
       Compiling hyper-timeout v0.5.2
       Compiling hyper-rustls v0.27.9
       Compiling tonic v0.12.3
       Compiling reqwest v0.12.28
       Compiling envctl-secretctl v0.1.0 (/home/drdave/Desktop/meta/.worktrees/env-install-loop/envctl/crates/secretctl)
       Compiling envctl-secrets-store-libsql v0.1.0 (/home/drdave/Desktop/meta/.worktrees/env-install-loop/envctl/crates/secrets-store-libsql)
       Compiling envctl-secretd v0.1.0 (/home/drdave/Desktop/meta/.worktrees/env-install-loop/envctl/crates/secretd)
        Finished `release` profile [optimized] target(s) in 15.63s
Created symlink '/home/drdave/.config/systemd/user/default.target.wants/env-ctl.service' → '/home/drdave/.config/systemd/user/env-ctl.service'.
Job for env-ctl.service failed because a timeout was exceeded.
See "systemctl --user status env-ctl.service" and "journalctl --user -xeu env-ctl.service" for details.
    wiring applied
[1;32m  ✓ env-ctl Install[0m
[1;32mdone.[0m
