[1;36m==> [1/1] pytorch-venv :: Install[0m
    Requirement already satisfied: pip in /home/drdave/.venvs/torch/lib/python3.14/site-packages (25.1.1)
    Collecting pip
      Downloading pip-26.1.2-py3-none-any.whl.metadata (4.6 kB)
    Downloading pip-26.1.2-py3-none-any.whl (1.8 MB)
       ━━━━━━━━━━━━━━━━━━━━━━━━━━━━━━━━━━━━━━━━ 1.8/1.8 MB 70.3 MB/s eta 0:00:00
    Installing collected packages: pip
      Attempting uninstall: pip
        Found existing installation: pip 25.1.1
        Uninstalling pip-25.1.1:
          Successfully uninstalled pip-25.1.1
    Successfully installed pip-26.1.2
    Looking in indexes: https://download.pytorch.org/whl/cu132
    Collecting torch
      Downloading torch-2.12.0%2Bcu132-cp314-cp314-manylinux_2_28_x86_64.whl.metadata (31 kB)
    Collecting torchvision
      Downloading torchvision-0.27.0%2Bcu132-cp314-cp314-manylinux_2_28_x86_64.whl.metadata (5.5 kB)
    Collecting filelock (from torch)
      Downloading filelock-3.29.0-py3-none-any.whl.metadata (2.0 kB)
    Collecting typing-extensions>=4.10.0 (from torch)
      Downloading typing_extensions-4.15.0-py3-none-any.whl.metadata (3.3 kB)
    Collecting setuptools<82 (from torch)
      Downloading setuptools-70.2.0-py3-none-any.whl.metadata (5.8 kB)
    Collecting sympy>=1.13.3 (from torch)
      Downloading sympy-1.14.0-py3-none-any.whl.metadata (12 kB)
    Collecting networkx>=2.5.1 (from torch)
      Downloading networkx-3.6.1-py3-none-any.whl.metadata (6.8 kB)
    Collecting jinja2 (from torch)
      Downloading jinja2-3.1.6-py3-none-any.whl.metadata (2.9 kB)
    Collecting fsspec>=0.8.5 (from torch)
      Downloading fsspec-2026.4.0-py3-none-any.whl.metadata (10 kB)
    Collecting cuda-toolkit==13.2.1 (from cuda-toolkit[cublas,cudart,cufft,cufile,cupti,curand,cusolver,cusparse,nvjitlink,nvrtc,nvtx]==13.2.1; platform_system == "Linux"->torch)
      Downloading cuda_toolkit-13.2.1-py2.py3-none-any.whl (2.6 kB)
    Collecting cuda-bindings<14,>=13.0.3 (from torch)
      Downloading cuda_bindings-13.0.3-cp314-cp314-manylinux_2_24_x86_64.manylinux_2_28_x86_64.whl.metadata (2.3 kB)
    Collecting nvidia-cudnn-cu13==9.20.0.48 (from torch)
      Downloading nvidia_cudnn_cu13-9.20.0.48-py3-none-manylinux_2_27_x86_64.whl (366.2 MB)
         ━━━━━━━━━━━━━━━━━━━━━━━━━━━━━━━━━━━━━━━━ 366.2/366.2 MB 101.9 MB/s  0:00:03
    Collecting nvidia-cusparselt-cu13==0.8.1 (from torch)
      Downloading nvidia_cusparselt_cu13-0.8.1-py3-none-manylinux2014_x86_64.whl (170.1 MB)
         ━━━━━━━━━━━━━━━━━━━━━━━━━━━━━━━━━━━━━━━━ 170.1/170.1 MB 109.9 MB/s  0:00:01
    Collecting nvidia-nccl-cu13==2.29.7 (from torch)
      Downloading nvidia_nccl_cu13-2.29.7-py3-none-manylinux_2_18_x86_64.whl (206.0 MB)
         ━━━━━━━━━━━━━━━━━━━━━━━━━━━━━━━━━━━━━━━━ 206.0/206.0 MB 112.0 MB/s  0:00:01
    Collecting nvidia-nvshmem-cu13==3.4.5 (from torch)
      Downloading nvidia_nvshmem_cu13-3.4.5-py3-none-manylinux2014_x86_64.manylinux_2_17_x86_64.whl (60.4 MB)
         ━━━━━━━━━━━━━━━━━━━━━━━━━━━━━━━━━━━━━━━━ 60.4/60.4 MB 113.8 MB/s  0:00:00
    Collecting triton==3.7.0 (from torch)
      Downloading triton-3.7.0-cp314-cp314-manylinux_2_27_x86_64.manylinux_2_28_x86_64.whl.metadata (1.7 kB)
    Collecting nvidia-cublas==13.4.0.1.* (from cuda-toolkit[cublas,cudart,cufft,cufile,cupti,curand,cusolver,cusparse,nvjitlink,nvrtc,nvtx]==13.2.1; platform_system == "Linux"->torch)
      Downloading nvidia_cublas-13.4.0.1-py3-none-manylinux_2_27_x86_64.whl (404.9 MB)
         ━━━━━━━━━━━━━━━━━━━━━━━━━━━━━━━━━━━━━━━━ 404.9/404.9 MB 112.9 MB/s  0:00:03
    Collecting nvidia-cuda-nvrtc==13.2.78.* (from cuda-toolkit[cublas,cudart,cufft,cufile,cupti,curand,cusolver,cusparse,nvjitlink,nvrtc,nvtx]==13.2.1; platform_system == "Linux"->torch)
      Downloading nvidia_cuda_nvrtc-13.2.78-py3-none-manylinux2010_x86_64.manylinux_2_12_x86_64.whl (47.0 MB)
         ━━━━━━━━━━━━━━━━━━━━━━━━━━━━━━━━━━━━━━━━ 47.0/47.0 MB 115.5 MB/s  0:00:00
    Collecting nvidia-cuda-runtime==13.2.75.* (from cuda-toolkit[cublas,cudart,cufft,cufile,cupti,curand,cusolver,cusparse,nvjitlink,nvrtc,nvtx]==13.2.1; platform_system == "Linux"->torch)
      Downloading nvidia_cuda_runtime-13.2.75-py3-none-manylinux2014_x86_64.manylinux_2_17_x86_64.whl (2.3 MB)
         ━━━━━━━━━━━━━━━━━━━━━━━━━━━━━━━━━━━━━━━━ 2.3/2.3 MB 115.9 MB/s  0:00:00
    Collecting nvidia-cufft==12.2.0.46.* (from cuda-toolkit[cublas,cudart,cufft,cufile,cupti,curand,cusolver,cusparse,nvjitlink,nvrtc,nvtx]==13.2.1; platform_system == "Linux"->torch)
      Downloading nvidia_cufft-12.2.0.46-py3-none-manylinux2014_x86_64.manylinux_2_17_x86_64.whl (218.3 MB)
         ━━━━━━━━━━━━━━━━━━━━━━━━━━━━━━━━━━━━━━━━ 218.3/218.3 MB 112.3 MB/s  0:00:01
    Collecting nvidia-nvjitlink<14,>=13.2.78 (from cuda-toolkit[cublas,cudart,cufft,cufile,cupti,curand,cusolver,cusparse,nvjitlink,nvrtc,nvtx]==13.2.1; platform_system == "Linux"->torch)
      Downloading nvidia_nvjitlink-13.2.78-py3-none-manylinux2010_x86_64.manylinux_2_12_x86_64.whl (41.4 MB)
         ━━━━━━━━━━━━━━━━━━━━━━━━━━━━━━━━━━━━━━━━ 41.4/41.4 MB 115.3 MB/s  0:00:00
    Collecting nvidia-cufile==1.17.1.22.* (from cuda-toolkit[cublas,cudart,cufft,cufile,cupti,curand,cusolver,cusparse,nvjitlink,nvrtc,nvtx]==13.2.1; platform_system == "Linux"->torch)
      Downloading nvidia_cufile-1.17.1.22-py3-none-manylinux_2_27_x86_64.whl (1.4 MB)
         ━━━━━━━━━━━━━━━━━━━━━━━━━━━━━━━━━━━━━━━━ 1.4/1.4 MB 63.1 MB/s  0:00:00
    Collecting nvidia-cuda-cupti==13.2.75.* (from cuda-toolkit[cublas,cudart,cufft,cufile,cupti,curand,cusolver,cusparse,nvjitlink,nvrtc,nvtx]==13.2.1; platform_system == "Linux"->torch)
      Downloading nvidia_cuda_cupti-13.2.75-py3-none-manylinux_2_25_x86_64.whl (12.0 MB)
         ━━━━━━━━━━━━━━━━━━━━━━━━━━━━━━━━━━━━━━━━ 12.0/12.0 MB 115.4 MB/s  0:00:00
    Collecting nvidia-curand==10.4.2.55.* (from cuda-toolkit[cublas,cudart,cufft,cufile,cupti,curand,cusolver,cusparse,nvjitlink,nvrtc,nvtx]==13.2.1; platform_system == "Linux"->torch)
      Downloading nvidia_curand-10.4.2.55-py3-none-manylinux_2_27_x86_64.whl (59.9 MB)
         ━━━━━━━━━━━━━━━━━━━━━━━━━━━━━━━━━━━━━━━━ 59.9/59.9 MB 114.6 MB/s  0:00:00
    Collecting nvidia-cusolver==12.2.0.1.* (from cuda-toolkit[cublas,cudart,cufft,cufile,cupti,curand,cusolver,cusparse,nvjitlink,nvrtc,nvtx]==13.2.1; platform_system == "Linux"->torch)
      Downloading nvidia_cusolver-12.2.0.1-py3-none-manylinux_2_27_x86_64.whl (227.4 MB)
         ━━━━━━━━━━━━━━━━━━━━━━━━━━━━━━━━━━━━━━━━ 227.4/227.4 MB 112.7 MB/s  0:00:02
    Collecting nvidia-cusparse==12.7.10.1.* (from cuda-toolkit[cublas,cudart,cufft,cufile,cupti,curand,cusolver,cusparse,nvjitlink,nvrtc,nvtx]==13.2.1; platform_system == "Linux"->torch)
      Downloading nvidia_cusparse-12.7.10.1-py3-none-manylinux2014_x86_64.manylinux_2_17_x86_64.whl (150.9 MB)
         ━━━━━━━━━━━━━━━━━━━━━━━━━━━━━━━━━━━━━━━━ 150.9/150.9 MB 113.9 MB/s  0:00:01
    Collecting nvidia-nvtx==13.2.75.* (from cuda-toolkit[cublas,cudart,cufft,cufile,cupti,curand,cusolver,cusparse,nvjitlink,nvrtc,nvtx]==13.2.1; platform_system == "Linux"->torch)
      Downloading nvidia_nvtx-13.2.75-py3-none-manylinux1_x86_64.manylinux_2_5_x86_64.whl (153 kB)
    Collecting cuda-pathfinder~=1.1 (from cuda-bindings<14,>=13.0.3->torch)
      Downloading cuda_pathfinder-1.2.2-py3-none-any.whl.metadata (3.2 kB)
    Collecting numpy (from torchvision)
      Downloading numpy-2.4.4-cp314-cp314-manylinux_2_27_x86_64.manylinux_2_28_x86_64.whl.metadata (6.6 kB)
    Collecting pillow!=8.3.*,>=5.3.0 (from torchvision)
      Downloading pillow-12.2.0-cp314-cp314-manylinux_2_27_x86_64.manylinux_2_28_x86_64.whl.metadata (8.8 kB)
    Collecting mpmath<1.4,>=1.1.0 (from sympy>=1.13.3->torch)
      Downloading mpmath-1.3.0-py3-none-any.whl.metadata (8.6 kB)
    Collecting MarkupSafe>=2.0 (from jinja2->torch)
      Downloading markupsafe-3.0.3-cp314-cp314-manylinux2014_x86_64.manylinux_2_17_x86_64.manylinux_2_28_x86_64.whl.metadata (2.7 kB)
    Downloading torch-2.12.0%2Bcu132-cp314-cp314-manylinux_2_28_x86_64.whl (539.3 MB)
       ━━━━━━━━━━━━━━━━━━━━━━━━━━━━━━━━━━━━━━━━ 539.3/539.3 MB 98.7 MB/s  0:00:05
    Downloading triton-3.7.0-cp314-cp314-manylinux_2_27_x86_64.manylinux_2_28_x86_64.whl (201.5 MB)
       ━━━━━━━━━━━━━━━━━━━━━━━━━━━━━━━━━━━━━━━━ 201.5/201.5 MB 106.3 MB/s  0:00:01
    Downloading cuda_bindings-13.0.3-cp314-cp314-manylinux_2_24_x86_64.manylinux_2_28_x86_64.whl (11.9 MB)
       ━━━━━━━━━━━━━━━━━━━━━━━━━━━━━━━━━━━━━━━━ 11.9/11.9 MB 98.7 MB/s  0:00:00
    Downloading cuda_pathfinder-1.2.2-py3-none-any.whl (23 kB)
    Downloading setuptools-70.2.0-py3-none-any.whl (930 kB)
       ━━━━━━━━━━━━━━━━━━━━━━━━━━━━━━━━━━━━━━━━ 930.8/930.8 kB 54.8 MB/s  0:00:00
    Downloading torchvision-0.27.0%2Bcu132-cp314-cp314-manylinux_2_28_x86_64.whl (7.7 MB)
       ━━━━━━━━━━━━━━━━━━━━━━━━━━━━━━━━━━━━━━━━ 7.7/7.7 MB 82.6 MB/s  0:00:00
    Downloading fsspec-2026.4.0-py3-none-any.whl (203 kB)
    Downloading networkx-3.6.1-py3-none-any.whl (2.1 MB)
       ━━━━━━━━━━━━━━━━━━━━━━━━━━━━━━━━━━━━━━━━ 2.1/2.1 MB 79.1 MB/s  0:00:00
    Downloading pillow-12.2.0-cp314-cp314-manylinux_2_27_x86_64.manylinux_2_28_x86_64.whl (7.1 MB)
       ━━━━━━━━━━━━━━━━━━━━━━━━━━━━━━━━━━━━━━━━ 7.1/7.1 MB 98.2 MB/s  0:00:00
    Downloading sympy-1.14.0-py3-none-any.whl (6.3 MB)
       ━━━━━━━━━━━━━━━━━━━━━━━━━━━━━━━━━━━━━━━━ 6.3/6.3 MB 93.9 MB/s  0:00:00
    Downloading mpmath-1.3.0-py3-none-any.whl (536 kB)
       ━━━━━━━━━━━━━━━━━━━━━━━━━━━━━━━━━━━━━━━━ 536.2/536.2 kB 34.1 MB/s  0:00:00
    Downloading typing_extensions-4.15.0-py3-none-any.whl (44 kB)
    Downloading filelock-3.29.0-py3-none-any.whl (39 kB)
    Downloading jinja2-3.1.6-py3-none-any.whl (134 kB)
    Downloading markupsafe-3.0.3-cp314-cp314-manylinux2014_x86_64.manylinux_2_17_x86_64.manylinux_2_28_x86_64.whl (23 kB)
    Downloading numpy-2.4.4-cp314-cp314-manylinux_2_27_x86_64.manylinux_2_28_x86_64.whl (16.6 MB)
       ━━━━━━━━━━━━━━━━━━━━━━━━━━━━━━━━━━━━━━━━ 16.6/16.6 MB 71.8 MB/s  0:00:00
    Installing collected packages: nvidia-cusparselt-cu13, mpmath, cuda-toolkit, typing-extensions, triton, sympy, setuptools, pillow, nvidia-nvtx, nvidia-nvshmem-cu13, nvidia-nvjitlink, nvidia-nccl-cu13, nvidia-curand, nvidia-cufile, nvidia-cuda-runtime, nvidia-cuda-nvrtc, nvidia-cuda-cupti, numpy, networkx, MarkupSafe, fsspec, filelock, cuda-pathfinder, nvidia-cusparse, nvidia-cufft, nvidia-cublas, jinja2, cuda-bindings, nvidia-cusolver, nvidia-cudnn-cu13, torch, torchvision
    
    Successfully installed MarkupSafe-3.0.3 cuda-bindings-13.0.3 cuda-pathfinder-1.2.2 cuda-toolkit-13.2.1 filelock-3.29.0 fsspec-2026.4.0 jinja2-3.1.6 mpmath-1.3.0 networkx-3.6.1 numpy-2.4.4 nvidia-cublas-13.4.0.1 nvidia-cuda-cupti-13.2.75 nvidia-cuda-nvrtc-13.2.78 nvidia-cuda-runtime-13.2.75 nvidia-cudnn-cu13-9.20.0.48 nvidia-cufft-12.2.0.46 nvidia-cufile-1.17.1.22 nvidia-curand-10.4.2.55 nvidia-cusolver-12.2.0.1 nvidia-cusparse-12.7.10.1 nvidia-cusparselt-cu13-0.8.1 nvidia-nccl-cu13-2.29.7 nvidia-nvjitlink-13.2.78 nvidia-nvshmem-cu13-3.4.5 nvidia-nvtx-13.2.75 pillow-12.2.0 setuptools-70.2.0 sympy-1.14.0 torch-2.12.0+cu132 torchvision-0.27.0+cu132 triton-3.7.0 typing-extensions-4.15.0
[1;32m  ✓ pytorch-venv Install[0m
[1;32mdone.[0m
